<?xml version="1.0" encoding="UTF-8"?>
<testsuite xmlns:xsi="http://www.w3.org/2001/XMLSchema-instance" xsi:noNamespaceSchemaLocation="https://maven.apache.org/surefire/maven-surefire-plugin/xsd/surefire-test-report-3.0.xsd" version="3.0" name="Daft Website Keyword Filtering" time="71.416" tests="2" errors="0" skipped="0" failures="0">
  <properties>
[...]
</properties>
  <testcase name="Validate the search results after applying the &quot;garage&quot; keyword filter" classname="Daft Website Keyword Filtering" time="25.825">
    <system-out><![CDATA[
Scenario Outline: Validate the search results after applying the "garage" keyword filter # src/test/java/features/DaftSearch.feature:14
org.openqa.selenium.NoSuchElementException: no such element: Unable to locate element: {"method":"css selector","selector":"#didomi-notice-agree-button"}
  (Session info: headless chrome=117.0.5938.150)
For documentation on this error, please visit: https://www.selenium.dev/documentation/webdriver/troubleshooting/errors#no-such-element-exception
Build info: version: '4.11.0', revision: '040bc5406b'
System info: os.name: 'Windows 11', os.arch: 'amd64', os.version: '10.0', java.version: '11.0.20'
Driver info: org.openqa.selenium.chrome.ChromeDriver
Command: [cfd99fa01f15d89abdc9d391fc7cc232, findElement {using=css selector, value=#didomi-notice-agree-button}]
Capabilities {acceptInsecureCerts: false, browserName: chrome, browserVersion: 117.0.5938.150, chrome: {chromedriverVersion: 117.0.5938.149 (e3344ddefa1..., userDataDir: C:\Users\aksha\AppData\Loca...}, fedcm:accounts: true, goog:chromeOptions: {debuggerAddress: localhost:60265}, networkConnectionEnabled: false, pageLoadStrategy: normal, platformName: windows, proxy: Proxy(), se:cdp: ws://localhost:60265/devtoo..., se:cdpVersion: 117.0.5938.150, setWindowRect: true, strictFileInteractability: false, timeouts: {implicit: 0, pageLoad: 300000, script: 30000}, unhandledPromptBehavior: dismiss and notify, webauthn:extension:credBlob: true, webauthn:extension:largeBlob: true, webauthn:extension:minPinLength: true, webauthn:extension:prf: true, webauthn:virtualAuthenticators: true}
Session ID: cfd99fa01f15d89abdc9d391fc7cc232 caused due to headless browser
  Given user navigates to Daft homepage url                                              # stepDefinitions.HomePageSteps.user_navigates_to_daft_homepage_url()
  When user searches for county "Dublin" in the input field                              # stepDefinitions.HomePageSteps.user_searches_for_county_in_the_input_field(java.lang.String)
  And user clicks on the desired location from the dropdown suggestions                  # stepDefinitions.HomePageSteps.user_clicks_on_the_desired_location_from_the_dropdown_suggestions()
  Then search results should be displayed for this location                              # stepDefinitions.ResultsPageSteps.search_results_should_be_displayed_for_this_location()
  When user clicks on the filter option and applies the "garage" filter                  # stepDefinitions.ResultsPageSteps.user_clicks_on_the_filter_option_and_applies_the_filter(java.lang.String)
  Then search results should be displayed for the filter                                 # stepDefinitions.ResultsPageSteps.search_results_should_be_displayed_for_the_filter()
Scenario status ======>PASSED
]]></system-out>
    <system-err><![CDATA[SLF4J: No SLF4J providers were found.
SLF4J: Defaulting to no-operation (NOP) logger implementation
SLF4J: See https://www.slf4j.org/codes.html#noProviders for further details.
Oct 13, 2023 11:10:50 PM org.openqa.selenium.devtools.CdpVersionFinder findNearestMatch
WARNING: Unable to find an exact match for CDP version 117, so returning the closest version found: 115
]]></system-err>
  </testcase>
  <testcase name="Validate the applied filter on a search result" classname="Daft Website Keyword Filtering" time="45.591">
    <system-out><![CDATA[
Scenario Outline: Validate the applied filter on a search result        # src/test/java/features/DaftSearch.feature:26
org.openqa.selenium.NoSuchElementException: no such element: Unable to locate element: {"method":"css selector","selector":"#didomi-notice-agree-button"}
  (Session info: headless chrome=117.0.5938.150)
For documentation on this error, please visit: https://www.selenium.dev/documentation/webdriver/troubleshooting/errors#no-such-element-exception
Build info: version: '4.11.0', revision: '040bc5406b'
System info: os.name: 'Windows 11', os.arch: 'amd64', os.version: '10.0', java.version: '11.0.20'
Driver info: org.openqa.selenium.chrome.ChromeDriver
Command: [ca9a19eb9aa5132128b6a7ec4e391d1d, findElement {using=css selector, value=#didomi-notice-agree-button}]
Capabilities {acceptInsecureCerts: false, browserName: chrome, browserVersion: 117.0.5938.150, chrome: {chromedriverVersion: 117.0.5938.149 (e3344ddefa1..., userDataDir: C:\Users\aksha\AppData\Loca...}, fedcm:accounts: true, goog:chromeOptions: {debuggerAddress: localhost:60308}, networkConnectionEnabled: false, pageLoadStrategy: normal, platformName: windows, proxy: Proxy(), se:cdp: ws://localhost:60308/devtoo..., se:cdpVersion: 117.0.5938.150, setWindowRect: true, strictFileInteractability: false, timeouts: {implicit: 0, pageLoad: 300000, script: 30000}, unhandledPromptBehavior: dismiss and notify, webauthn:extension:credBlob: true, webauthn:extension:largeBlob: true, webauthn:extension:minPinLength: true, webauthn:extension:prf: true, webauthn:virtualAuthenticators: true}
Session ID: ca9a19eb9aa5132128b6a7ec4e391d1d caused due to headless browser
  Given user navigates to Daft homepage url                             # stepDefinitions.HomePageSteps.user_navigates_to_daft_homepage_url()
  When user searches for county "Dublin" in the input field             # stepDefinitions.HomePageSteps.user_searches_for_county_in_the_input_field(java.lang.String)
  And user clicks on the desired location from the dropdown suggestions # stepDefinitions.HomePageSteps.user_clicks_on_the_desired_location_from_the_dropdown_suggestions()
  Then search results should be displayed for this location             # stepDefinitions.ResultsPageSteps.search_results_should_be_displayed_for_this_location()
  When user clicks on the filter option and applies the "garage" filter # stepDefinitions.ResultsPageSteps.user_clicks_on_the_filter_option_and_applies_the_filter(java.lang.String)
  Then search results should be displayed for the filter                # stepDefinitions.ResultsPageSteps.search_results_should_be_displayed_for_the_filter()
  When user opens a search result                                       # stepDefinitions.ResultsPageSteps.user_opens_a_search_result()
org.openqa.selenium.TimeoutException: Expected condition failed: waiting for visibility of element located by By.cssSelector: button[aria-label="Hide survey"] (tried for 10 second(s) with 500 milliseconds interval)
Build info: version: '4.11.0', revision: '040bc5406b'
System info: os.name: 'Windows 11', os.arch: 'amd64', os.version: '10.0', java.version: '11.0.20'
Driver info: org.openqa.selenium.chrome.ChromeDriver
Capabilities {acceptInsecureCerts: false, browserName: chrome, browserVersion: 117.0.5938.150, chrome: {chromedriverVersion: 117.0.5938.149 (e3344ddefa1..., userDataDir: C:\Users\aksha\AppData\Loca...}, fedcm:accounts: true, goog:chromeOptions: {debuggerAddress: localhost:60308}, networkConnectionEnabled: false, pageLoadStrategy: normal, platformName: windows, proxy: Proxy(), se:cdp: ws://localhost:60308/devtoo..., se:cdpVersion: 117.0.5938.150, setWindowRect: true, strictFileInteractability: false, timeouts: {implicit: 0, pageLoad: 300000, script: 30000}, unhandledPromptBehavior: dismiss and notify, webauthn:extension:credBlob: true, webauthn:extension:largeBlob: true, webauthn:extension:minPinLength: true, webauthn:extension:prf: true, webauthn:virtualAuthenticators: true}
Session ID: ca9a19eb9aa5132128b6a7ec4e391d1d caused due to headless browser
  Then advert description should contain the "garage" keyword           # stepDefinitions.ListingPageSteps.advert_description_should_contain_the_keyword(java.lang.String)
Scenario status ======>PASSED
]]></system-out>
    <system-err><![CDATA[Oct 13, 2023 11:11:14 PM org.openqa.selenium.devtools.CdpVersionFinder findNearestMatch
WARNING: Unable to find an exact match for CDP version 117, so returning the closest version found: 115
]]></system-err>
  </testcase>
</testsuite>