<?xml version="1.0" encoding="UTF-8"?>
<testsuite xmlns:xsi="http://www.w3.org/2001/XMLSchema-instance" xsi:noNamespaceSchemaLocation="https://maven.apache.org/surefire/maven-surefire-plugin/xsd/surefire-test-report-3.0.xsd" version="3.0" name="Daft Website Keyword Filtering" time="23.085" tests="2" errors="0" skipped="0" failures="0">
  <properties>
[...]
</properties>
  <testcase name="Validate the search results after applying the &quot;garage&quot; keyword filter" classname="Daft Website Keyword Filtering" time="9.399">
    <system-out><![CDATA[
Scenario Outline: Validate the search results after applying the "garage" keyword filter # src/test/java/features/DaftSearch.feature:14
  Given user navigates to Daft homepage url "https://www.daft.ie/"                       # stepDefinitions.HomePageSteps.user_navigates_to_daft_homepage_url(java.lang.String)
  When user searches for county "Dublin" in the input field                              # stepDefinitions.HomePageSteps.user_searches_for_county_in_the_input_field(java.lang.String)
243
  And user clicks on the desired location from the dropdown suggestions                  # stepDefinitions.HomePageSteps.user_clicks_on_the_desired_location_from_the_dropdown_suggestions()
  Then search results should be displayed for this location                              # stepDefinitions.HomePageSteps.search_results_should_be_displayed_for_this_location()
  When user clicks on the filter option and applies the "garage" filter                  # stepDefinitions.HomePageSteps.user_clicks_on_the_filter_option_and_applies_the_filter(java.lang.String)
  Then search results should be displayed for the filter                                 # stepDefinitions.HomePageSteps.search_results_should_be_displayed_for_the_filter()
Scenario status ======>PASSED
]]></system-out>
    <system-err><![CDATA[SLF4J: Failed to load class "org.slf4j.impl.StaticLoggerBinder".
SLF4J: Defaulting to no-operation (NOP) logger implementation
SLF4J: See http://www.slf4j.org/codes.html#StaticLoggerBinder for further details.
Oct 12, 2023 8:13:05 PM org.openqa.selenium.devtools.CdpVersionFinder findNearestMatch
WARNING: Unable to find an exact match for CDP version 117, so returning the closest version found: 115
]]></system-err>
  </testcase>
  <testcase name="Validate the applied filter on a search result" classname="Daft Website Keyword Filtering" time="13.686">
    <system-out><![CDATA[
Scenario Outline: Validate the applied filter on a search result        # src/test/java/features/DaftSearch.feature:26
  Given user navigates to Daft homepage url "https://www.daft.ie/"      # stepDefinitions.HomePageSteps.user_navigates_to_daft_homepage_url(java.lang.String)
  When user searches for county "Dublin" in the input field             # stepDefinitions.HomePageSteps.user_searches_for_county_in_the_input_field(java.lang.String)
243
  And user clicks on the desired location from the dropdown suggestions # stepDefinitions.HomePageSteps.user_clicks_on_the_desired_location_from_the_dropdown_suggestions()
  Then search results should be displayed for this location             # stepDefinitions.HomePageSteps.search_results_should_be_displayed_for_this_location()
  When user clicks on the filter option and applies the "garage" filter # stepDefinitions.HomePageSteps.user_clicks_on_the_filter_option_and_applies_the_filter(java.lang.String)
  Then search results should be displayed for the filter                # stepDefinitions.HomePageSteps.search_results_should_be_displayed_for_the_filter()
  When user opens a search result                                       # stepDefinitions.HomePageSteps.user_opens_a_search_result()
A unique property that effortlessly combines the appeal of a spacious family home, a sprawling land parcel, and an enviable location, creating an exceptional living experience. Nestled on a generous 0.46-acre site, Thornberry offers an expansive canvas where you can turn your vision into reality.

This property is a substantial family home situated in a highly sought-after residential location. It features a large site with a history of previous planning permission (now lapsed). The granted planning permission included the demolition of the existing two-story plus basement dwelling and the construction of two two-story plus attic level accommodation five-bedroom detached dwellings, each with a partial basement, measuring 330 sq.m and 325 sq.m respectively, along with ancillary site development works.

Additionally, a feasibility study has explored the potential for constructing three houses on this extensive site. This valuable information underscores the versatility and investment potential of this property, making it an appealing prospect for homeowners and developers alike.

Thornberry enjoys an enviable location that provides effortless access to the vibrant shopping and recreational centres of Stillorgan and Dundrum Town Centre. Furthermore, the property is conveniently situated near the exceptional maritime facilities of Dun Laoghaire, offering opportunities for coastal activities and relaxation.

Excellent connectivity is ensured through a well-developed public transport network, making commuting and exploration around Dublin and its surroundings a breeze. Families will appreciate the presence of prestigious schools in the vicinity, including Blackrock College, St. Andrews, Sion Hill, Loreto Foxrock, Nord Anglia International School in Sandyford, and several esteemed primary schools.

Thornberry, Granville Road, Blackrock, goes beyond being just a house; it represents the canvas for transformation and the realization of your unique vision. Whether you envision a sprawling family retreat, an innovative development venture, or a blend of both, Thornberry provides the expansive platform to turn your dreams into reality.

This extraordinary property invites you to explore limitless possibilities. Secure this unique gem in the highly sought-after locale of Blackrock today and experience a lifestyle defined by convenience, luxury, and boundless potential. Thornberry is more than just a property; it's the gateway to a remarkable living experience.


Reception Hall:    Wood floor. Recessed display alcoves. Opening to inner hall with door to rear garden.

Guest Cloakroom:    A generous size room with a wash hand basin & w/c.

Living Room:    Wood floor. Recessed display alcoves. Fireplace with wood mantle, marble hearth and inset open fire. Extensive windows overlooking the rear garden and sliding patio door to balcony. Opening to

Dining Area:    Wood floor. Overlooking the rear garden with sliding patio door to balcony. Steps to lower level.

Family Room:    Wood floor, picture window overlooking the rear garden.

Bedroom 4/Study:    Wood floor, bay window.

Kitchen:    Tiled floor, recessed lights. Extensive range of built in floor and eye level units with workshop over and splash back. Britania range cooker with 6 gas hobs and extractor hood over. Belfast sink, Integrated dishwasher & integrated washing machine.

A flight of stairs leads to the first floor

Hot Press on Landing

Master Bedroom Suite:

Bedroom:    Extensive windows overlooking the rear garden and sliding patio door to balcony. Door

Walk in Wardrobe:    With extensive storage.

En-Suite:    Fully tiled, timber clad ceiling with recessed lights, free standing bath, separate shower, wash hand basin with vanity under, w/c, heated towel rail.

Bedroom 2:    Dual aspect. Walk in wardrobe.

Bedroom 3:    To front;

Family Bathroom:    Fully tiled, timber clad ceiling with recessed lights, cubicle shower, pedestal wash hand basin, w/c, heated towel rail.

Basement Storage:    Two storage facilities, one containing the gas boiler with Belfast sink and w/c.

Detached Garage:

Outside:    This home is set will back from the road and is approached by a sweeping driveway. The front provides parking for numerous cars. A side entrance leads to the rear garden with is laid out in lawn and is bordered by matures hedges. Providing total privacy and seclusion the extensive rear garden is a particularly noteworthy feature and provides massive scope for a keen gardener to transform.
********************true
Substantial Family Home On Generous Site of 0.46 Acres
Live-In Ready With Opportunity For Minimal Upgrades
Situated In A Prime Location With Stillorgan And Dundrum Shopping Centres Nearby
Excellent Connectivity To The City Centre & M50 Orbital Route
Within Easy Access of The Maritime Facilities in Dun Laoghaire
Numerous Prestigious Schools Nearby
Development Potential
Gas Fired Central Heating
Versatile Canvas For Transformation And Innovation
********************false
  Then advert description should contain the "garage" keyword           # stepDefinitions.HomePageSteps.advert_description_should_contain_the_keyword(java.lang.String)
Scenario status ======>PASSED
]]></system-out>
    <system-err><![CDATA[Oct 12, 2023 8:13:12 PM org.openqa.selenium.devtools.CdpVersionFinder findNearestMatch
WARNING: Unable to find an exact match for CDP version 117, so returning the closest version found: 115
]]></system-err>
  </testcase>
</testsuite>